<?xml version="1.0" encoding="UTF-8"?>
<testsuite name="AutomateSmartCarePro" tests="1" skipped="0" failures="0" errors="0" timestamp="2024-05-29T19:59:37" hostname="DESKTOP-QT12K8M" time="13.229">
  <properties/>
  <testcase name="visitSmartCarePro()" classname="AutomateSmartCarePro" time="13.229"/>
  <system-out><![CDATA[]]></system-out>
  <system-err><![CDATA[]]></system-err>
</testsuite>
